  Performing full C++ include scan (building a new target)
  Using 'git status' to determine working set for adaptive non-unity build.
  Creating makefile for TinyShooter1Editor (no existing makefile)
  Using Visual Studio 2017 14.15.26726 toolchain (C:\Program Files (x86)\Microsoft Visual Studio\2017\Enterprise\VC\Tools\MSVC\14.15.26726) and Windows 10.0.15063.0 SDK (C:\Program Files (x86)\Windows Kits\10).
  Parsing headers for TinyShooter1Editor
    Running UnrealHeaderTool "C:\Users\ts2crt\Documents\TinyShooter\TinyShooter1\TinyShooter1.uproject" "C:\Users\ts2crt\Documents\TinyShooter\TinyShooter1\Intermediate\Build\Win64\TinyShooter1Editor\Development\TinyShooter1Editor.uhtmanifest" -LogCmds="loginit warning, logexit warning, logdatabase error" -Unattended -WarningsAsErrors -installed
  Reflection code generated for TinyShooter1Editor in 16.7828863 seconds
  Building 18 actions with 8 processes...
    PCLaunch.rc
    SharedPCH.Engine.cpp
    TriggerableWeaponComponent.gen.cpp
    MyFloatingPawnMovement.gen.cpp
    TinyShooter1Pawn.gen.cpp
    TinyShooter1Projectile.gen.cpp
    TinyShooter1.init.gen.cpp
    TinyShooter1GameMode.gen.cpp
    TinyShooter1Projectile.cpp
    TriggerableWeaponComponent.cpp
    TinyShooter1.cpp
    TriggerComponent.cpp
    TinyShooter1GameMode.cpp
    TriggerComponent.gen.cpp
    MyFloatingPawnMovement.cpp
    TinyShooter1Pawn.cpp
    UE4Editor-TinyShooter1.lib
       Creating library C:\Users\ts2crt\Documents\TinyShooter\TinyShooter1\Intermediate\Build\Win64\UE4Editor\Development\TinyShooter1\UE4Editor-TinyShooter1.lib and object C:\Users\ts2crt\Documents\TinyShooter\TinyShooter1\Intermediate\Build\Win64\UE4Editor\Development\TinyShooter1\UE4Editor-TinyShooter1.exp
    UE4Editor-TinyShooter1.dll
       Creating library C:\Users\ts2crt\Documents\TinyShooter\TinyShooter1\Intermediate\Build\Win64\UE4Editor\Development\TinyShooter1\UE4Editor-TinyShooter1.suppressed.lib and object C:\Users\ts2crt\Documents\TinyShooter\TinyShooter1\Intermediate\Build\Win64\UE4Editor\Development\TinyShooter1\UE4Editor-TinyShooter1.suppressed.exp
  Deploying TinyShooter1Editor Win64 Development...
  Total build time: 192.21 seconds (Parallel executor: 100.90 seconds)
