Log file open, 10/01/18 16:33:38
LogWindows: Failed to load 'aqProf.dll' (GetLastError=126)
LogWindows: File 'aqProf.dll' does not exist
LogWindows: Failed to load 'VtuneApi.dll' (GetLastError=126)
LogWindows: File 'VtuneApi.dll' does not exist
LogWindows: Failed to load 'VtuneApi32e.dll' (GetLastError=126)
LogWindows: File 'VtuneApi32e.dll' does not exist
LogInit: Display: Running engine for game: TinyShooter1
LogPlatformFile: Not using cached read wrapper
LogTaskGraph: Started task graph with 5 named threads and 14 total threads with 3 sets of task threads.
LogStats: Stats thread started at 0.177465
LogD3D11RHI: Loaded GFSDK_Aftermath_Lib.x64.dll
LogICUInternationalization: Display: ICU TimeZone Detection - Raw Offset: +0:00, Platform Override: ''
LogPluginManager: Mounting plugin Paper2D
LogPluginManager: Mounting plugin AISupport
LogPluginManager: Mounting plugin LightPropagationVolume
LogPluginManager: Mounting plugin CLionSourceCodeAccess
LogPluginManager: Mounting plugin CodeLiteSourceCodeAccess
LogPluginManager: Mounting plugin GitSourceControl
LogPluginManager: Mounting plugin KDevelopSourceCodeAccess
LogPluginManager: Mounting plugin NullSourceCodeAccess
LogPluginManager: Mounting plugin PerforceSourceControl
LogPluginManager: Mounting plugin SubversionSourceControl
LogPluginManager: Mounting plugin UObjectPlugin
LogPluginManager: Mounting plugin VisualStudioCodeSourceCodeAccess
LogPluginManager: Mounting plugin VisualStudioSourceCodeAccess
LogPluginManager: Mounting plugin XCodeSourceCodeAccess
LogPluginManager: Mounting plugin AssetManagerEditor
LogPluginManager: Mounting plugin CryptoKeys
LogPluginManager: Mounting plugin DataValidation
LogPluginManager: Mounting plugin FacialAnimation
LogPluginManager: Mounting plugin GameplayTagsEditor
LogPluginManager: Mounting plugin MacGraphicsSwitching
LogPluginManager: Mounting plugin MeshEditor
LogPluginManager: Mounting plugin MobileLauncherProfileWizard
LogPluginManager: Mounting plugin PluginBrowser
LogPluginManager: Mounting plugin SpeedTreeImporter
LogPluginManager: Mounting plugin DatasmithContent
LogPluginManager: Mounting plugin AlembicImporter
LogPluginManager: Mounting plugin AppleImageUtils
LogPluginManager: Mounting plugin AppleVision
LogPluginManager: Mounting plugin BackChannel
LogPluginManager: Mounting plugin CharacterAI
LogPluginManager: Mounting plugin GeometryCache
LogPluginManager: Mounting plugin HTML5Networking
LogPluginManager: Mounting plugin ProxyLODPlugin
LogPluginManager: Mounting plugin MagicLeap
LogPluginManager: Mounting plugin MagicLeapEmulator
LogPluginManager: Mounting plugin MagicLeapMedia
LogPluginManager: Mounting plugin AndroidMedia
LogPluginManager: Mounting plugin AvfMedia
LogPluginManager: Mounting plugin ImgMedia
LogPluginManager: Mounting plugin LinearTimecode
LogPluginManager: Mounting plugin MediaCompositing
LogPluginManager: Mounting plugin MediaPlayerEditor
LogPluginManager: Mounting plugin WmfMedia
LogPluginManager: Mounting plugin TcpMessaging
LogPluginManager: Mounting plugin UdpMessaging
LogPluginManager: Mounting plugin ActorSequence
LogPluginManager: Mounting plugin LevelSequenceEditor
LogPluginManager: Mounting plugin MatineeToLevelSequence
LogPluginManager: Mounting plugin NetcodeUnitTest
LogPluginManager: Mounting plugin NUTUnrealEngine4
LogPluginManager: Mounting plugin OnlineSubsystemGooglePlay
LogPluginManager: Mounting plugin OnlineSubsystemIOS
LogPluginManager: Mounting plugin OnlineSubsystem
LogPluginManager: Mounting plugin OnlineSubsystemNull
LogPluginManager: Mounting plugin OnlineSubsystemUtils
LogPluginManager: Mounting plugin LauncherChunkInstaller
LogPluginManager: Mounting plugin AndroidDeviceProfileSelector
LogPluginManager: Mounting plugin AndroidMoviePlayer
LogPluginManager: Mounting plugin AndroidPermission
LogPluginManager: Mounting plugin AppleMoviePlayer
LogPluginManager: Mounting plugin ArchVisCharacter
LogPluginManager: Mounting plugin AudioCapture
LogPluginManager: Mounting plugin CableComponent
LogPluginManager: Mounting plugin CustomMeshComponent
LogPluginManager: Mounting plugin EditableMesh
LogPluginManager: Mounting plugin ExampleDeviceProfileSelector
LogPluginManager: Mounting plugin GoogleCloudMessaging
LogPluginManager: Mounting plugin ImmediatePhysics
LogPluginManager: Mounting plugin IOSDeviceProfileSelector
LogPluginManager: Mounting plugin LinuxDeviceProfileSelector
LogPluginManager: Mounting plugin LocationServicesBPLibrary
LogPluginManager: Mounting plugin MobilePatchingUtils
LogPluginManager: Mounting plugin OculusVR
LogPluginManager: Plugin shader directory ../../../Engine/Plugins/Runtime/Oculus/OculusVR/Shaders found
LogPluginManager: Mapping shader source directory ../../../Engine/Plugins/Runtime/Oculus/OculusVR/Shaders to virtual directory /Plugin/OculusVR
LogPluginManager: Mounting plugin PhysXVehicles
LogPluginManager: Mounting plugin ProceduralMeshComponent
LogPluginManager: Mounting plugin RuntimePhysXCooking
LogPluginManager: Mounting plugin SteamVR
LogPluginManager: Mounting plugin WindowsMoviePlayer
LogStreaming: Display: Took  0.105s to configure plugins.
LogInit: Using libcurl 7.55.1-DEV
LogInit:  - built for x86_64-pc-win32
LogInit:  - supports SSL with OpenSSL/1.0.2h
LogInit:  - supports HTTP deflate (compression) using libz 1.2.8
LogInit:  - other features:
LogInit:      CURL_VERSION_SSL
LogInit:      CURL_VERSION_LIBZ
LogInit:      CURL_VERSION_IPV6
LogInit:      CURL_VERSION_ASYNCHDNS
LogInit:      CURL_VERSION_LARGEFILE
LogInit:      CURL_VERSION_IDN
LogInit:  CurlRequestOptions (configurable via config and command line):
LogInit:  - bVerifyPeer = false  - Libcurl will NOT verify peer certificate
LogInit:  - bUseHttpProxy = false  - Libcurl will NOT use HTTP proxy
LogInit:  - bDontReuseConnections = false  - Libcurl will reuse connections
LogInit:  - CertBundlePath = nullptr  - Libcurl will use whatever was configured at build time.
LogInit:  - MaxHostConnections = 16  - Libcurl will limit the number of connections to a host
LogInit:  - LocalHostAddr = Default
LogInit:  - BufferSize = 65536
LogInit: WinSock: version 1.1 (2.2), MaxSocks=32767, MaxUdp=65467
LogInit: Build: ++UE4+Release-4.20-CL-4369336
LogInit: Engine Version: 4.20.3-4369336+++UE4+Release-4.20
LogInit: Compatible Engine Version: 4.20.0-4212847+++UE4+Release-4.20
LogInit: Net CL: 4212847
LogInit: OS: Windows 10 (), CPU: Intel(R) Core(TM) i5-6600 CPU @ 3.30GHz, GPU: NVIDIA GeForce GTX 970
LogInit: Compiled (64-bit): Sep 17 2018 12:26:19
LogInit: Compiled with Visual C++: 19.13.26129.00
LogInit: Build Configuration: Development
LogInit: Branch Name: ++UE4+Release-4.20
LogInit: Command Line: -EpicPortal 
LogInit: Base Directory: C:/Program Files/Epic Games/UE_4.20/Engine/Binaries/Win64/
LogInit: Installed Engine Build: 1
LogDevObjectVersion: Number of dev versions registered: 20
LogDevObjectVersion:   Dev-Blueprints (B0D832E4-1F89-4F0D-ACCF-7EB736FD4AA2): 10
LogDevObjectVersion:   Dev-Build (E1C64328-A22C-4D53-A36C-8E866417BD8C): 0
LogDevObjectVersion:   Dev-Core (375EC13C-06E4-48FB-B500-84F0262A717E): 2
LogDevObjectVersion:   Dev-Editor (E4B068ED-F494-42E9-A231-DA0B2E46BB41): 24
LogDevObjectVersion:   Dev-Framework (CFFC743F-43B0-4480-9391-14DF171D2073): 34
LogDevObjectVersion:   Dev-Mobile (B02B49B5-BB20-44E9-A304-32B752E40360): 2
LogDevObjectVersion:   Dev-Networking (A4E4105C-59A1-49B5-A7C5-40C4547EDFEE): 0
LogDevObjectVersion:   Dev-Online (39C831C9-5AE6-47DC-9A44-9C173E1C8E7C): 0
LogDevObjectVersion:   Dev-Physics (78F01B33-EBEA-4F98-B9B4-84EACCB95AA2): 0
LogDevObjectVersion:   Dev-Platform (6631380F-2D4D-43E0-8009-CF276956A95A): 0
LogDevObjectVersion:   Dev-Rendering (12F88B9F-8875-4AFC-A67C-D90C383ABD29): 26
LogDevObjectVersion:   Dev-Sequencer (7B5AE74C-D270-4C10-A958-57980B212A5A): 9
LogDevObjectVersion:   Dev-VR (D7296918-1DD6-4BDD-9DE2-64A83CC13884): 2
LogDevObjectVersion:   Dev-LoadTimes (C2A15278-BFE7-4AFE-6C17-90FF531DF755): 1
LogDevObjectVersion:   Private-Geometry (6EACA3D4-40EC-4CC1-B786-8BED09428FC5): 3
LogDevObjectVersion:   Dev-AnimPhys (29E575DD-E0A3-4627-9D10-D276232CDCEA): 17
LogDevObjectVersion:   Dev-ReflectionCapture (6B266CEC-1EC7-4B8F-A30B-E4D90942FC07): 1
LogDevObjectVersion:   Dev-Automation (0DF73D61-A23F-47EA-B727-89E90C41499A): 1
LogDevObjectVersion:   FortniteMain (601D1886-AC64-4F84-AA16-D3DE0DEAC7D6): 12
LogDevObjectVersion:   Dev-Enterprise (9DFFBCD6-494F-0158-E221-12823C92A888): 1
LogStreaming: Display: Took  0.000s to delete old logs.
LogInit: Presizing for max 8388607 objects, including 0 objects not considered by GC, pre-allocating 0 bytes for permanent pool.
LogInit: Object subsystem initialized
[2018.10.01-15.33.38:918][  0]LogInit: Selected Device Profile: [Windows]
[2018.10.01-15.33.38:918][  0]LogInit: Applying CVar settings loaded from the selected device profile: [Windows]
[2018.10.01-15.33.38:929][  0]LogHAL: Display: Platform has ~ 16 GB [17116667904 / 17179869184 / 16], which maps to Larger [LargestMinGB=32, LargerMinGB=12, DefaultMinGB=8, SmallerMinGB=6, SmallestMinGB=0)
[2018.10.01-15.33.38:929][  0]LogInit: Setting Device Profile CVar: [[r.Vulkan.UseRealUBs:1]]
[2018.10.01-15.33.38:929][  0]LogInit: Going up to parent DeviceProfile []
[2018.10.01-15.33.38:930][  0]LogInit: Computer: DESKTOP-C6U4EA4
[2018.10.01-15.33.38:930][  0]LogInit: User: ThomasSimon
[2018.10.01-15.33.38:930][  0]LogInit: CPU Page size=4096, Cores=4
[2018.10.01-15.33.38:930][  0]LogInit: High frequency timer resolution =3.234375 MHz
[2018.10.01-15.33.38:930][  0]LogMemory: Memory total: Physical=15.9GB (16GB approx)
[2018.10.01-15.33.38:930][  0]LogMemory: Platform Memory Stats for Windows
[2018.10.01-15.33.38:930][  0]LogMemory: Process Physical Memory: 100.29 MB used, 100.29 MB peak
[2018.10.01-15.33.38:930][  0]LogMemory: Process Virtual Memory: 84.32 MB used, 84.32 MB peak
[2018.10.01-15.33.38:930][  0]LogMemory: Physical Memory: 3597.57 MB used,  12726.15 MB free, 16323.73 MB total
[2018.10.01-15.33.38:930][  0]LogMemory: Virtual Memory: 4625.40 MB used,  12726.15 MB free, 134217728.00 MB total
[2018.10.01-15.33.38:946][  0]LogInit: Using OS detected language (en-GB).
[2018.10.01-15.33.38:946][  0]LogInit: Using OS detected locale (en-GB).
[2018.10.01-15.33.38:946][  0]LogTextLocalizationManager: No specific localization for 'en-GB' exists, so the 'en' localization will be used.
[2018.10.01-15.33.39:300][  0]LogStreaming: Display: Took  0.354s to InitEngineTextLocalization.
[2018.10.01-15.33.39:300][  0]LogInit: Setting process to per monitor DPI aware
[2018.10.01-15.33.39:331][  0]LogSlate: New Slate User Created.  User Index 0, Is Virtual User: 0
[2018.10.01-15.33.39:331][  0]LogSlate: Slate User Registered.  User Index 0, Is Virtual User: 0
[2018.10.01-15.33.39:487][  0]LogHMD: Failed to initialize OpenVR with code 110
[2018.10.01-15.33.39:487][  0]LogD3D11RHI: D3D11 adapters:
[2018.10.01-15.33.39:557][  0]LogD3D11RHI:    0. 'NVIDIA GeForce GTX 970' (Feature Level 11_0)
[2018.10.01-15.33.39:557][  0]LogD3D11RHI:       4043/0/8161 MB DedicatedVideo/DedicatedSystem/SharedSystem, Outputs:3, VendorId:0x10de
[2018.10.01-15.33.39:559][  0]LogD3D11RHI:    1. 'Microsoft Basic Render Driver' (Feature Level 11_0)
[2018.10.01-15.33.39:559][  0]LogD3D11RHI:       0/0/8161 MB DedicatedVideo/DedicatedSystem/SharedSystem, Outputs:0, VendorId:0x1414
[2018.10.01-15.33.39:559][  0]LogD3D11RHI: Chosen D3D11 Adapter: 0
[2018.10.01-15.33.39:564][  0]LogD3D11RHI: Creating new Direct3DDevice
[2018.10.01-15.33.39:564][  0]LogD3D11RHI:     GPU DeviceId: 0x13c2 (for the marketing name, search the web for "GPU Device Id")
[2018.10.01-15.33.39:564][  0]LogWindows: EnumDisplayDevices:
[2018.10.01-15.33.39:564][  0]LogWindows:    0. 'NVIDIA GeForce GTX 970' (P:0 D:1)
[2018.10.01-15.33.39:564][  0]LogWindows:    1. 'NVIDIA GeForce GTX 970' (P:0 D:1)
[2018.10.01-15.33.39:565][  0]LogWindows:    2. 'NVIDIA GeForce GTX 970' (P:1 D:1)
[2018.10.01-15.33.39:565][  0]LogWindows:    3. 'NVIDIA GeForce GTX 970' (P:0 D:0)
[2018.10.01-15.33.39:565][  0]LogWindows: DebugString: FoundDriverCount:4 
[2018.10.01-15.33.39:565][  0]LogD3D11RHI:     Adapter Name: NVIDIA GeForce GTX 970
[2018.10.01-15.33.39:565][  0]LogD3D11RHI:   Driver Version: 398.11 (internal:24.21.13.9811, unified:398.11)
[2018.10.01-15.33.39:565][  0]LogD3D11RHI:      Driver Date: 6-1-2018
[2018.10.01-15.33.39:565][  0]LogRHI: Texture pool is 2830 MB (70% of 4043 MB)
[2018.10.01-15.33.39:591][  0]LogD3D11RHI: Async texture creation enabled
[2018.10.01-15.33.39:607][  0]LogD3D11RHI: GPU Timing Frequency: 1000.000000 (Debug: 2 2)
[2018.10.01-15.33.39:658][  0]LogShaderCompilers: Guid format shader working directory is -7 characters bigger than the processId version (A:/Projects/Unreal Engine Projects/TinyShooter/TinyShooter1/Intermediate/Shaders/WorkingDirectory/24748/).
[2018.10.01-15.33.39:658][  0]LogShaderCompilers: Cleaned the shader compiler working directory 'C:/Users/Thomas Simon/AppData/Local/Temp/UnrealShaderWorkingDir/46EF7C154172934EA7A7DD9B83799AC1/'.
[2018.10.01-15.33.39:877][  0]LogTemp: Display: Loaded TP AllDesktopTargetPlatform
[2018.10.01-15.33.39:890][  0]LogTemp: Display: Loaded TP MacClientTargetPlatform
[2018.10.01-15.33.39:903][  0]LogTemp: Display: Loaded TP MacNoEditorTargetPlatform
[2018.10.01-15.33.39:917][  0]LogTemp: Display: Loaded TP MacServerTargetPlatform
[2018.10.01-15.33.39:928][  0]LogTemp: Display: Loaded TP MacTargetPlatform
[2018.10.01-15.33.39:940][  0]LogTemp: Display: Loaded TP WindowsClientTargetPlatform
[2018.10.01-15.33.39:952][  0]LogTemp: Display: Loaded TP WindowsNoEditorTargetPlatform
[2018.10.01-15.33.39:963][  0]LogTemp: Display: Loaded TP WindowsServerTargetPlatform
[2018.10.01-15.33.39:969][  0]LogTemp: Display: Loaded TP WindowsTargetPlatform
[2018.10.01-15.33.40:043][  0]LogTemp: Display: Loaded TP AndroidTargetPlatform
[2018.10.01-15.33.40:043][  0]LogTemp: Display: Loaded TP AndroidTargetPlatform
[2018.10.01-15.33.40:043][  0]LogTemp: Display: Loaded TP AndroidTargetPlatform
[2018.10.01-15.33.40:043][  0]LogTemp: Display: Loaded TP AndroidTargetPlatform
[2018.10.01-15.33.40:043][  0]LogTemp: Display: Loaded TP AndroidTargetPlatform
[2018.10.01-15.33.40:043][  0]LogTemp: Display: Loaded TP AndroidTargetPlatform
[2018.10.01-15.33.40:043][  0]LogTemp: Display: Loaded TP AndroidTargetPlatform
[2018.10.01-15.33.40:043][  0]LogTemp: Display: Loaded TP AndroidTargetPlatform
[2018.10.01-15.33.40:043][  0]LogTemp: Display: Loaded TP AndroidTargetPlatform
[2018.10.01-15.33.40:043][  0]LogTemp: Display: Loaded TP AndroidTargetPlatform
[2018.10.01-15.33.40:043][  0]LogTemp: Display: Loaded TP AndroidTargetPlatform
[2018.10.01-15.33.40:043][  0]LogTemp: Display: Loaded TP AndroidTargetPlatform
[2018.10.01-15.33.40:043][  0]LogTemp: Display: Loaded TP AndroidTargetPlatform
[2018.10.01-15.33.40:043][  0]LogTemp: Display: Loaded TP AndroidTargetPlatform
[2018.10.01-15.33.40:043][  0]LogTemp: Display: Loaded TP AndroidTargetPlatform
[2018.10.01-15.33.40:043][  0]LogTemp: Display: Loaded TP AndroidTargetPlatform
[2018.10.01-15.33.40:043][  0]LogTemp: Display: Loaded TP AndroidTargetPlatform
[2018.10.01-15.33.40:043][  0]LogTemp: Display: Loaded TP AndroidTargetPlatform
[2018.10.01-15.33.40:044][  0]LogTemp: Display: Loaded TP HTML5TargetPlatform
[2018.10.01-15.33.40:103][  0]LogTemp: Display: Loaded TP IOSTargetPlatform
[2018.10.01-15.33.40:103][  0]LogTemp: Display: Loaded TP IOSTargetPlatform
[2018.10.01-15.33.40:124][  0]LogTemp: Display: Loaded TP TVOSTargetPlatform
[2018.10.01-15.33.40:124][  0]LogTemp: Display: Loaded TP TVOSTargetPlatform
[2018.10.01-15.33.40:138][  0]LogTemp: Display: Loaded TP LinuxClientTargetPlatform
[2018.10.01-15.33.40:155][  0]LogTemp: Display: Loaded TP LinuxNoEditorTargetPlatform
[2018.10.01-15.33.40:168][  0]LogTemp: Display: Loaded TP LinuxServerTargetPlatform
[2018.10.01-15.33.40:180][  0]LogTemp: Display: Loaded TP LinuxTargetPlatform
[2018.10.01-15.33.40:189][  0]LogTemp: Display: Loaded TP LuminTargetPlatform
[2018.10.01-15.33.40:189][  0]LogTargetPlatformManager: Display: Building Assets For Windows
[2018.10.01-15.33.40:241][  0]LogXGEController: Cannot use XGE Controller as Incredibuild is not installed on this machine.
[2018.10.01-15.33.40:241][  0]LogShaderCompilers: Cannot use XGE Shader Compiler as Incredibuild is not installed on this machine.
[2018.10.01-15.33.40:241][  0]LogShaderCompilers: Display: Using Local Shader Compiler.
[2018.10.01-15.33.40:899][  0]LogDerivedDataCache: Display: Max Cache Size: 512 MB
[2018.10.01-15.33.40:947][  0]LogDerivedDataCache: Loaded boot cache 0.05s 71MB C:/Users/Thomas Simon/AppData/Local/UnrealEngine/4.20/DerivedDataCache/Boot.ddc.
[2018.10.01-15.33.40:947][  0]LogDerivedDataCache: Display: Loaded Boot cache: C:/Users/Thomas Simon/AppData/Local/UnrealEngine/4.20/DerivedDataCache/Boot.ddc
[2018.10.01-15.33.40:948][  0]LogDerivedDataCache: FDerivedDataBackendGraph:  Pak pak cache file A:/Projects/Unreal Engine Projects/TinyShooter/TinyShooter1/DerivedDataCache/DDC.ddp not found, will not use a pak cache.
[2018.10.01-15.33.40:948][  0]LogDerivedDataCache: Unable to find inner node Pak for hierarchical cache Hierarchy.
[2018.10.01-15.33.40:948][  0]LogDerivedDataCache: FDerivedDataBackendGraph:  CompressedPak pak cache file A:/Projects/Unreal Engine Projects/TinyShooter/TinyShooter1/DerivedDataCache/Compressed.ddp not found, will not use a pak cache.
[2018.10.01-15.33.40:948][  0]LogDerivedDataCache: Unable to find inner node CompressedPak for hierarchical cache Hierarchy.
[2018.10.01-15.33.40:959][  0]LogDerivedDataCache: Display: Pak cache opened for reading ../../../Engine/DerivedDataCache/Compressed.ddp.
[2018.10.01-15.33.40:972][  0]LogDerivedDataCache: Using Local data cache path C:/Users/Thomas Simon/AppData/Local/UnrealEngine/Common/DerivedDataCache: Writable
[2018.10.01-15.33.40:972][  0]LogDerivedDataCache: Shared data cache path not found in *engine.ini, will not use an Shared cache.
[2018.10.01-15.33.40:972][  0]LogDerivedDataCache: Unable to find inner node Shared for hierarchical cache Hierarchy.
[2018.10.01-15.33.40:989][  0]LogMaterial: Verifying Global Shaders for PCD3D_SM5
[2018.10.01-15.33.40:991][  0]LogSlate: Using FreeType 2.6.0
[2018.10.01-15.33.40:991][  0]LogSlate: SlateFontServices - WITH_FREETYPE: 1, WITH_HARFBUZZ: 1
[2018.10.01-15.33.41:063][  0]LogAssetRegistry: FAssetRegistry took 0.0262 seconds to start up
[2018.10.01-15.33.41:353][  0]LogInit: Selected Device Profile: [Windows]
[2018.10.01-15.33.41:464][  0]LogSimplygon: Simplygon DLL not present - disabling.
[2018.10.01-15.33.41:467][  0]LogMeshReduction: Using SimplygonSwarm for distributed automatic mesh merging
[2018.10.01-15.33.41:467][  0]LogMeshReduction: Using ProxyLODMeshReduction for automatic mesh merging
[2018.10.01-15.33.41:467][  0]LogMeshReduction: Using QuadricMeshReduction for automatic static mesh reduction
[2018.10.01-15.33.41:467][  0]LogMeshReduction: No automatic skeletal mesh reduction module available
[2018.10.01-15.33.41:489][  0]LogNetVersion: TinyShooter1 1.0.0, NetCL: 4212847, EngineNetVer: 5, GameNetVer: 0 (Checksum: 1918165624)
[2018.10.01-15.33.41:955][  0]LogPackageLocalizationCache: Processed 11 localized package path(s) for 2 prioritized culture(s) in 0.106882 seconds
[2018.10.01-15.33.41:961][  0]LogUObjectArray: 38425 objects as part of root set at end of initial load.
[2018.10.01-15.33.41:961][  0]LogUObjectAllocator: 6690872 out of 0 bytes used by permanent object pool.
[2018.10.01-15.33.41:961][  0]LogUObjectArray: CloseDisregardForGC: 0/0 objects in disregard for GC pool
[2018.10.01-15.33.42:707][  0]LogTcpMessaging: Initializing TcpMessaging bridge
[2018.10.01-15.33.42:720][  0]LogUdpMessaging: Initializing bridge on interface 0.0.0.0:0 to multicast group 230.0.0.1:6666.
[2018.10.01-15.33.42:942][  0]SourceControl: Source control is disabled
[2018.10.01-15.33.42:942][  0]SourceControl: Source control is disabled
[2018.10.01-15.33.42:943][  0]SourceControl: Source control is disabled
[2018.10.01-15.33.42:944][  0]SourceControl: Source control is disabled
[2018.10.01-15.33.43:106][  0]LogAndroidPermission: UAndroidPermissionCallbackProxy::GetInstance
[2018.10.01-15.33.43:154][  0]LogOcInput: OculusInput pre-init called
[2018.10.01-15.33.43:222][  0]LogEngine: Initializing Engine...
[2018.10.01-15.33.43:223][  0]LogHMD: Failed to initialize OpenVR with code 110
[2018.10.01-15.33.43:224][  0]LogStats: UGameplayTagsManager::ConstructGameplayTagTree: ImportINI prefixes -  0.000 s
[2018.10.01-15.33.43:224][  0]LogStats: UGameplayTagsManager::ConstructGameplayTagTree: Construct from data asset -  0.000 s
[2018.10.01-15.33.43:225][  0]LogStats: UGameplayTagsManager::ConstructGameplayTagTree: ImportINI -  0.000 s
[2018.10.01-15.33.43:225][  0]LogStats: UGameplayTagsManager::ConstructGameplayTagTree: GameplayTagTreeChangedEvent.Broadcast -  0.000 s
[2018.10.01-15.33.43:409][  0]LogInit: Initializing FReadOnlyCVARCache
[2018.10.01-15.33.43:419][  0]LogAIModule: Creating AISystem for world Untitled
[2018.10.01-15.33.43:432][  0]LogInit: XAudio2 using 'Headphones (High Definition Audio Device)' : 2 channels at 44.1 kHz using 16 bits per sample (channel mask 0x3)
[2018.10.01-15.33.43:446][  0]LogInit: FAudioDevice initialized.
[2018.10.01-15.33.43:446][  0]LogNetVersion: Set ProjectVersion to 1.0.0.0. Version Checksum will be recalculated on next use.
[2018.10.01-15.33.43:530][  0]LogDerivedDataCache: Saved boot cache 0.08s 71MB C:/Users/Thomas Simon/AppData/Local/UnrealEngine/4.20/DerivedDataCache/Boot.ddc.
[2018.10.01-15.33.43:530][  0]LogInit: Texture streaming: Enabled
[2018.10.01-15.33.43:543][  0]LogEngineSessionManager: EngineSessionManager initialized
[2018.10.01-15.33.43:555][  0]LogInit: Transaction tracking system initialized
[2018.10.01-15.33.43:576][  0]BlueprintLog: New page: Editor Load
[2018.10.01-15.33.43:637][  0]LocalizationService: Localization service is disabled
[2018.10.01-15.33.43:880][  0]LogCook: Display: Max memory allowance for cook 16384mb min free memory 0mb
[2018.10.01-15.33.43:880][  0]LogCook: Display: Mobile HDR setting 1
[2018.10.01-15.33.43:880][  0]LogGameplayTags: Display: UGameplayTagsManager::DoneAddingNativeTags. DelegateIsBound: 0
[2018.10.01-15.33.43:880][  0]LogStats: UGameplayTagsManager::ConstructGameplayTagTree: ImportINI prefixes -  0.000 s
[2018.10.01-15.33.43:880][  0]LogStats: UGameplayTagsManager::ConstructGameplayTagTree: Construct from data asset -  0.000 s
[2018.10.01-15.33.43:880][  0]LogStats: UGameplayTagsManager::ConstructGameplayTagTree: ImportINI -  0.000 s
[2018.10.01-15.33.43:880][  0]LogStats: UGameplayTagsManager::ConstructGameplayTagTree: GameplayTagTreeChangedEvent.Broadcast -  0.000 s
[2018.10.01-15.33.43:968][  0]LogFileCache: Scanning file cache for directory 'A:/Projects/Unreal Engine Projects/TinyShooter/TinyShooter1/Content/' took 0.01s
[2018.10.01-15.33.43:968][  0]SourceControl: Source control is disabled
[2018.10.01-15.33.43:969][  0]Cmd: MAP LOAD FILE="A:/Projects/Unreal Engine Projects/TinyShooter/TinyShooter1/Content/TwinStickCPP/Maps/TwinStickExampleMap.umap" TEMPLATE=0 SHOWPROGRESS=1 FEATURELEVEL=3
[2018.10.01-15.33.43:969][  0]LightingResults: New page: Lighting Build
[2018.10.01-15.33.43:971][  0]MapCheck: New page: Map Check
[2018.10.01-15.33.43:971][  0]LightingResults: New page: Lighting Build
[2018.10.01-15.33.44:635][  0]LogAIModule: Creating AISystem for world TwinStickExampleMap
[2018.10.01-15.33.44:641][  0]LogEditorServer: Finished looking for orphan Actors (0.000 secs)
[2018.10.01-15.33.44:663][  0]Cmd: MAP CHECKDEP NOCLEARLOG
[2018.10.01-15.33.44:709][  0]MapCheck: Map check complete: 0 Error(s), 0 Warning(s), took 46.175ms to complete.
[2018.10.01-15.33.44:709][  0]LogFileHelpers: Loading map 'TwinStickExampleMap' took 0.740
[2018.10.01-15.33.44:977][  0]LogSlate: Updating window title bar state: overlay mode, drag disabled, window buttons hidden, title bar hidden
[2018.10.01-15.33.44:989][  0]LogSlate: Updating window title bar state: overlay mode, drag disabled, window buttons hidden, title bar hidden
[2018.10.01-15.33.45:001][  0]LogSlate: Updating window title bar state: overlay mode, drag disabled, window buttons hidden, title bar hidden
[2018.10.01-15.33.45:012][  0]LogSlate: Updating window title bar state: overlay mode, drag disabled, window buttons hidden, title bar hidden
[2018.10.01-15.33.45:024][  0]LogCollectionManager: Loaded 0 collections in 0.001119 seconds
[2018.10.01-15.33.45:096][  0]LogFileCache: Scanning file cache for directory 'A:/Projects/Unreal Engine Projects/TinyShooter/TinyShooter1/Saved/Collections/' took 0.01s
[2018.10.01-15.33.45:096][  0]LogFileCache: Scanning file cache for directory 'A:/Projects/Unreal Engine Projects/TinyShooter/TinyShooter1/Content/Developers/ThomasSimon/Collections/' took 0.01s
[2018.10.01-15.33.45:096][  0]LogFileCache: Scanning file cache for directory 'A:/Projects/Unreal Engine Projects/TinyShooter/TinyShooter1/Content/Collections/' took 0.01s
[2018.10.01-15.33.45:096][  0]LogCollectionManager: Rebuilt the GUID cache for 0 collections in 0.000001 seconds
[2018.10.01-15.33.45:107][  0]LogContentBrowser: Native class hierarchy populated in 0.0097 seconds. Added 2577 classes and 607 folders.
[2018.10.01-15.33.45:131][  0]LogContentBrowser: Native class hierarchy updated for 'WidgetCarousel' in 0.0004 seconds. Added 0 classes and 0 folders.
[2018.10.01-15.33.45:864][  0]LogContentBrowser: Native class hierarchy updated for 'AddContentDialog' in 0.0004 seconds. Added 0 classes and 0 folders.
[2018.10.01-15.33.45:920][  0]LogSlate: Took 0.000174 seconds to synchronously load lazily loaded font '../../../Engine/Content/Slate/Fonts/Roboto-Regular.ttf' (155K)
[2018.10.01-15.33.45:925][  0]LogSlate: Took 0.000173 seconds to synchronously load lazily loaded font '../../../Engine/Content/Slate/Fonts/Roboto-Bold.ttf' (160K)
[2018.10.01-15.33.45:931][  0]LogSlate: Took 0.002900 seconds to synchronously load lazily loaded font '../../../Engine/Content/Editor/Slate/Fonts/FontAwesome.ttf' (139K)
[2018.10.01-15.33.46:036][  0]LogRenderer: Reallocating scene render targets to support 1256x704 Format 10 NumSamples 1 (Frame:1).
[2018.10.01-15.33.46:182][  0]LogContentBrowser: Native class hierarchy updated for 'HierarchicalLODOutliner' in 0.0003 seconds. Added 0 classes and 0 folders.
[2018.10.01-15.33.46:182][  0]LogLoad: (Engine Initialization) Total time: 8.81 seconds
[2018.10.01-15.33.46:182][  0]LogLoad: (Engine Initialization) Total Blueprint compile time: 0.00 seconds
[2018.10.01-15.33.46:219][  0]LogContentStreaming: Texture pool size now 1000 MB
[2018.10.01-15.33.46:258][  1]LogAssetRegistry: Asset discovery search completed in 5.2185 seconds
[2018.10.01-15.33.46:260][  1]LogCollectionManager: Rebuilt the object cache for 0 collections in 0.000000 seconds (found 0 objects)
[2018.10.01-15.33.46:260][  1]LogCollectionManager: Fixed up redirectors for 0 collections in 0.000049 seconds (updated 0 objects)
[2018.10.01-15.33.47:607][  5]LogSlate: Took 0.006749 seconds to synchronously load lazily loaded font '../../../Engine/Content/Slate/Fonts/Roboto-Light.ttf' (167K)
[2018.10.01-15.33.54:296][ 25]LogSlate: FSceneViewport::OnFocusLost() reason 0
[2018.10.01-15.33.54:355][ 25]LogAssetEditorManager: Opening Asset editor for Blueprint /Game/TwinStick/Blueprints/Bp_TinyShooter1Pawn.Bp_TinyShooter1Pawn
[2018.10.01-15.33.55:016][ 25]LogContentBrowser: Native class hierarchy updated for 'BlueprintGraph' in 0.0006 seconds. Added 116 classes and 0 folders.
[2018.10.01-15.33.58:326][297]LogSlate: Window 'Bp_TinyShooter1Pawn' being destroyed
[2018.10.01-15.33.58:424][297]LogSlate: FSceneViewport::OnFocusLost() reason 2
[2018.10.01-15.33.58:426][297]LogAssetEditorManager: Opening Asset editor for Blueprint /Game/TwinStick/Blueprints/Bp_TinyShooter1Pawn.Bp_TinyShooter1Pawn
[2018.10.01-15.33.58:759][297]LogSlate: Took 0.005351 seconds to synchronously load lazily loaded font '../../../Engine/Content/Slate/Fonts/Roboto-BoldCondensed.ttf' (158K)
[2018.10.01-15.34.00:316][466]LogSlate: Window 'Bp_TinyShooter1Pawn' being destroyed
[2018.10.01-15.34.01:096][559]LogSlate: FSceneViewport::OnFocusLost() reason 0
[2018.10.01-15.34.02:694][750]LogSlate: Took 0.005281 seconds to synchronously load lazily loaded font '../../../Engine/Content/Slate/Fonts/Roboto-Italic.ttf' (157K)
[2018.10.01-15.34.03:215][808]LogRenderer: Reallocating scene render targets to support 1256x900 Format 10 NumSamples 1 (Frame:1).
[2018.10.01-15.34.19:096][572]LogContentBrowser: Verbose: The majority of assets in the view are of type: Class
[2018.10.01-15.34.22:038][923]LogAssetEditorManager: Opening Asset editor for Class /Script/TinyShooter1.TinyShooter1Pawn
[2018.10.01-15.37.46:042][680]LogContentBrowser: Verbose: The majority of assets in the view are of type: None
[2018.10.01-15.38.14:392][  8]Running C:/Program Files/Epic Games/UE_4.20/Engine/Binaries/DotNET/UnrealBuildTool.exe Win64 Development -TargetType=Editor -Project="A:/Projects/Unreal Engine Projects/TinyShooter/TinyShooter1/TinyShooter1.uproject" -invalidatemakefilesonly
[2018.10.01-15.38.15:105][  8]Invalidating makefiles only in this run.
[2018.10.01-15.38.15:234][  8]Candidate modules for hot reload:
[2018.10.01-15.38.15:234][  8]  TinyShooter1
[2018.10.01-15.38.15:234][  8]Launching UnrealBuildTool... [C:/Program Files/Epic Games/UE_4.20/Engine/Binaries/DotNET/UnrealBuildTool.exe  -ModuleWithSuffix=TinyShooter1,8860 Win64 Development -TargetType=Editor -Project="A:/Projects/Unreal Engine Projects/TinyShooter/TinyShooter1/TinyShooter1.uproject" -canskiplink "A:/Projects/Unreal Engine Projects/TinyShooter/TinyShooter1/TinyShooter1.uproject" ]
[2018.10.01-15.39.34:435][  8]CompilerResultsLog: New page: Compilation - 1 Oct 2018 17:39:34
[2018.10.01-15.39.34:436][  8]CompilerResultsLog: Using 'git status' to determine working set for adaptive non-unity build.
[2018.10.01-15.39.34:436][  8]CompilerResultsLog: Creating makefile for hot reloading TinyShooter1Editor (no existing makefile)
[2018.10.01-15.39.34:436][  8]CompilerResultsLog: Compiling game modules for hot reload
[2018.10.01-15.39.34:436][  8]CompilerResultsLog: Using Visual Studio 2017 14.15.26726 toolchain (C:\Program Files (x86)\Microsoft Visual Studio\2017\Community\VC\Tools\MSVC\14.15.26726) and Windows 10.0.17134.0 SDK (C:\Program Files (x86)\Windows Kits\10).
[2018.10.01-15.39.34:436][  8]CompilerResultsLog: Parsing headers for TinyShooter1Editor
[2018.10.01-15.39.34:436][  8]CompilerResultsLog:   Running UnrealHeaderTool "A:\Projects\Unreal Engine Projects\TinyShooter\TinyShooter1\TinyShooter1.uproject" "A:\Projects\Unreal Engine Projects\TinyShooter\TinyShooter1\Intermediate\Build\Win64\TinyShooter1Editor\Development\TinyShooter1Editor.uhtmanifest" -LogCmds="loginit warning, logexit warning, logdatabase error" -Unattended -WarningsAsErrors -installed
[2018.10.01-15.39.34:436][  8]CompilerResultsLog: Reflection code generated for TinyShooter1Editor in 9.1497473 seconds
[2018.10.01-15.39.34:436][  8]CompilerResultsLog: Building 5 actions with 4 processes...
[2018.10.01-15.39.34:436][  8]CompilerResultsLog:   [1/5] TinyShooter1.init.gen.cpp
[2018.10.01-15.39.34:436][  8]CompilerResultsLog:   [2/5] TriggerComponent.cpp
[2018.10.01-15.39.34:436][  8]CompilerResultsLog:   [3/5] TriggerComponent.gen.cpp
[2018.10.01-15.39.34:436][  8]CompilerResultsLog:   [4/5] UE4Editor-TinyShooter1-8860.lib
[2018.10.01-15.39.34:436][  8]CompilerResultsLog:      Creating library A:\Projects\Unreal Engine Projects\TinyShooter\TinyShooter1\Intermediate\Build\Win64\UE4Editor\Development\TinyShooter1\UE4Editor-TinyShooter1-8860.lib and object A:\Projects\Unreal Engine Projects\TinyShooter\TinyShooter1\Intermediate\Build\Win64\UE4Editor\Development\TinyShooter1\UE4Editor-TinyShooter1-8860.exp
[2018.10.01-15.39.34:436][  8]CompilerResultsLog:   [5/5] UE4Editor-TinyShooter1-8860.dll
[2018.10.01-15.39.34:436][  8]CompilerResultsLog:      Creating library A:\Projects\Unreal Engine Projects\TinyShooter\TinyShooter1\Intermediate\Build\Win64\UE4Editor\Development\TinyShooter1\UE4Editor-TinyShooter1-8860.suppressed.lib and object A:\Projects\Unreal Engine Projects\TinyShooter\TinyShooter1\Intermediate\Build\Win64\UE4Editor\Development\TinyShooter1\UE4Editor-TinyShooter1-8860.suppressed.exp
[2018.10.01-15.39.34:436][  8]CompilerResultsLog: Total build time: 78.97 seconds (Parallel executor: 63.98 seconds)
[2018.10.01-15.39.34:436][  8]LogMainFrame: MainFrame: Module compiling took 79.218 seconds
[2018.10.01-15.39.34:490][  8]LogClass: Could not find existing class TriggerComponent in package /Script/TinyShooter1 for HotReload, assuming new class
[2018.10.01-15.39.34:493][  8]LogContentBrowser: Native class hierarchy updated for 'TinyShooter1' in 0.0003 seconds. Added 5 classes and 2 folders.
[2018.10.01-15.39.34:496][  8]Display: HotReload successful (1 functions remapped  0 scriptstructs remapped)
[2018.10.01-15.39.34:836][  8]LogContentBrowser: Native class hierarchy populated in 0.0087 seconds. Added 2578 classes and 607 folders.
[2018.10.01-15.39.34:838][  8]Display: HotReload took 79.6s.
[2018.10.01-15.39.34:839][  8]Warning: HotReload operation took 79.6s.
[2018.10.01-15.39.35:214][  8]LogSlate: Window 'Add C++ Class' being destroyed
[2018.10.01-15.39.35:220][  8]LogHotReload: New module detected: UE4Editor-TinyShooter1-8860.dll
[2018.10.01-15.39.35:237][  8]LogContentBrowser: Verbose: The majority of assets in the view are of type: Class
[2018.10.01-15.39.35:255][  9]LogHotReload: Starting Hot-Reload from IDE
[2018.10.01-15.39.35:340][  9]LogContentBrowser: Native class hierarchy updated for 'TinyShooter1' in 0.0003 seconds. Added 5 classes and 2 folders.
[2018.10.01-15.39.35:344][  9]Display: HotReload successful (0 functions remapped  0 scriptstructs remapped)
[2018.10.01-15.39.35:607][  9]LogContentBrowser: Native class hierarchy populated in 0.0083 seconds. Added 2578 classes and 607 folders.
[2018.10.01-15.39.35:619][  9]Display: HotReload took  0.4s.
[2018.10.01-15.48.12:036][315]Candidate modules for hot reload:
[2018.10.01-15.48.12:036][315]  TinyShooter1
[2018.10.01-15.48.12:036][315]Launching UnrealBuildTool... [C:/Program Files/Epic Games/UE_4.20/Engine/Binaries/DotNET/UnrealBuildTool.exe  -ModuleWithSuffix=TinyShooter1,2464 Win64 Development -TargetType=Editor -Project="A:/Projects/Unreal Engine Projects/TinyShooter/TinyShooter1/TinyShooter1.uproject" -canskiplink "A:/Projects/Unreal Engine Projects/TinyShooter/TinyShooter1/TinyShooter1.uproject" ]
[2018.10.01-15.48.12:042][315]Warning: Starting HotReload took  0.0s.
[2018.10.01-15.48.27:022][ 64]CompilerResultsLog: New page: Compilation - 1 Oct 2018 17:48:27
[2018.10.01-15.48.27:022][ 64]CompilerResultsLog: Using 'git status' to determine working set for adaptive non-unity build.
[2018.10.01-15.48.27:022][ 64]CompilerResultsLog: Compiling game modules for hot reload
[2018.10.01-15.48.27:022][ 64]CompilerResultsLog: Parsing headers for TinyShooter1Editor
[2018.10.01-15.48.27:022][ 64]CompilerResultsLog:   Running UnrealHeaderTool "A:\Projects\Unreal Engine Projects\TinyShooter\TinyShooter1\TinyShooter1.uproject" "A:\Projects\Unreal Engine Projects\TinyShooter\TinyShooter1\Intermediate\Build\Win64\TinyShooter1Editor\Development\TinyShooter1Editor.uhtmanifest" -LogCmds="loginit warning, logexit warning, logdatabase error" -Unattended -WarningsAsErrors -installed
[2018.10.01-15.48.27:022][ 64]CompilerResultsLog: Reflection code generated for TinyShooter1Editor in 9.3987261 seconds
[2018.10.01-15.48.27:022][ 64]CompilerResultsLog: Building 5 actions with 4 processes...
[2018.10.01-15.48.27:022][ 64]CompilerResultsLog:   [1/5] TinyShooter1.init.gen.cpp
[2018.10.01-15.48.27:022][ 64]CompilerResultsLog:   [2/5] TriggerComponent.cpp
[2018.10.01-15.48.27:022][ 64]CompilerResultsLog:   [3/5] TriggerComponent.gen.cpp
[2018.10.01-15.48.27:022][ 64]CompilerResultsLog:   [4/5] UE4Editor-TinyShooter1-2464.lib
[2018.10.01-15.48.27:022][ 64]CompilerResultsLog:      Creating library A:\Projects\Unreal Engine Projects\TinyShooter\TinyShooter1\Intermediate\Build\Win64\UE4Editor\Development\TinyShooter1\UE4Editor-TinyShooter1-2464.lib and object A:\Projects\Unreal Engine Projects\TinyShooter\TinyShooter1\Intermediate\Build\Win64\UE4Editor\Development\TinyShooter1\UE4Editor-TinyShooter1-2464.exp
[2018.10.01-15.48.27:022][ 64]CompilerResultsLog:   [5/5] UE4Editor-TinyShooter1-2464.dll
[2018.10.01-15.48.27:022][ 64]CompilerResultsLog:      Creating library A:\Projects\Unreal Engine Projects\TinyShooter\TinyShooter1\Intermediate\Build\Win64\UE4Editor\Development\TinyShooter1\UE4Editor-TinyShooter1-2464.suppressed.lib and object A:\Projects\Unreal Engine Projects\TinyShooter\TinyShooter1\Intermediate\Build\Win64\UE4Editor\Development\TinyShooter1\UE4Editor-TinyShooter1-2464.suppressed.exp
[2018.10.01-15.48.27:022][ 64]CompilerResultsLog: Total build time: 14.50 seconds (Parallel executor: 3.62 seconds)
[2018.10.01-15.48.27:022][ 64]LogMainFrame: MainFrame: Module compiling took 15.000 seconds
[2018.10.01-15.48.27:113][ 64]LogClass: Could not find existing class TriggerComponent in package /Script/TinyShooter1 for HotReload, assuming new class
[2018.10.01-15.48.27:123][ 64]LogHotReload: Re-instancing TriggerComponent after hot-reload.
[2018.10.01-15.48.27:247][ 64]LogContentBrowser: Native class hierarchy updated for 'TinyShooter1' in 0.0004 seconds. Added 5 classes and 2 folders.
[2018.10.01-15.48.27:250][ 64]Display: HotReload successful (1 functions remapped  0 scriptstructs remapped)
[2018.10.01-15.48.27:558][ 64]LogContentBrowser: Native class hierarchy populated in 0.0087 seconds. Added 2578 classes and 607 folders.
[2018.10.01-15.48.27:558][ 64]Display: HotReload took 15.5s.
[2018.10.01-15.52.11:995][733]Candidate modules for hot reload:
[2018.10.01-15.52.11:995][733]  TinyShooter1
[2018.10.01-15.52.11:995][733]Launching UnrealBuildTool... [C:/Program Files/Epic Games/UE_4.20/Engine/Binaries/DotNET/UnrealBuildTool.exe  -ModuleWithSuffix=TinyShooter1,2477 Win64 Development -TargetType=Editor -Project="A:/Projects/Unreal Engine Projects/TinyShooter/TinyShooter1/TinyShooter1.uproject" -canskiplink "A:/Projects/Unreal Engine Projects/TinyShooter/TinyShooter1/TinyShooter1.uproject" ]
[2018.10.01-15.52.12:001][733]Warning: Starting HotReload took  0.0s.
[2018.10.01-15.52.23:859][149]CompilerResultsLog: New page: Compilation - 1 Oct 2018 17:52:23
[2018.10.01-15.52.23:859][149]CompilerResultsLog: Using 'git status' to determine working set for adaptive non-unity build.
[2018.10.01-15.52.23:860][149]CompilerResultsLog: Compiling game modules for hot reload
[2018.10.01-15.52.23:860][149]CompilerResultsLog: Parsing headers for TinyShooter1Editor
[2018.10.01-15.52.23:860][149]CompilerResultsLog:   Running UnrealHeaderTool "A:\Projects\Unreal Engine Projects\TinyShooter\TinyShooter1\TinyShooter1.uproject" "A:\Projects\Unreal Engine Projects\TinyShooter\TinyShooter1\Intermediate\Build\Win64\TinyShooter1Editor\Development\TinyShooter1Editor.uhtmanifest" -LogCmds="loginit warning, logexit warning, logdatabase error" -Unattended -WarningsAsErrors -installed
[2018.10.01-15.52.23:860][149]CompilerResultsLog: Reflection code generated for TinyShooter1Editor in 9.2001669 seconds
[2018.10.01-15.52.23:860][149]CompilerResultsLog: Building 4 actions with 4 processes...
[2018.10.01-15.52.23:860][149]CompilerResultsLog:   [1/4] TriggerComponent.cpp
[2018.10.01-15.52.23:860][149]CompilerResultsLog:    A:\Projects\Unreal Engine Projects\TinyShooter\TinyShooter1\Source\TinyShooter1\TriggerComponent.cpp(40) : error C2146: syntax error: missing ';' before identifier 'OnTriggered'
[2018.10.01-15.52.23:860][149]CompilerResultsLog:   [2/4] TriggerComponent.gen.cpp
[2018.10.01-15.52.23:860][149]CompilerResultsLog: ERROR: UBT ERROR: Failed to produce item: A:\Projects\Unreal Engine Projects\TinyShooter\TinyShooter1\Binaries\Win64\UE4Editor-TinyShooter1-2477.dll
[2018.10.01-15.52.23:860][149]CompilerResultsLog:        (see ../Programs/UnrealBuildTool/Log.txt for full exception trace)
[2018.10.01-15.52.23:860][149]CompilerResultsLog: Total build time: 11.60 seconds (Parallel executor: 0.00 seconds)
[2018.10.01-15.52.23:860][149]LogMainFrame: MainFrame: Module compiling took 11.879 seconds
[2018.10.01-15.52.23:860][149]Warning: HotReload failed, recompile failed
[2018.10.01-15.52.46:124][206]Candidate modules for hot reload:
[2018.10.01-15.52.46:124][206]  TinyShooter1
[2018.10.01-15.52.46:125][206]Launching UnrealBuildTool... [C:/Program Files/Epic Games/UE_4.20/Engine/Binaries/DotNET/UnrealBuildTool.exe  -ModuleWithSuffix=TinyShooter1,6509 Win64 Development -TargetType=Editor -Project="A:/Projects/Unreal Engine Projects/TinyShooter/TinyShooter1/TinyShooter1.uproject" -canskiplink "A:/Projects/Unreal Engine Projects/TinyShooter/TinyShooter1/TinyShooter1.uproject" ]
[2018.10.01-15.52.46:130][206]Warning: Starting HotReload took  0.0s.
[2018.10.01-15.52.49:377][592]CompilerResultsLog: New page: Compilation - 1 Oct 2018 17:52:49
[2018.10.01-15.52.49:377][592]CompilerResultsLog: Using 'git status' to determine working set for adaptive non-unity build.
[2018.10.01-15.52.49:377][592]CompilerResultsLog: Compiling game modules for hot reload
[2018.10.01-15.52.49:377][592]CompilerResultsLog: Building 3 actions with 4 processes...
[2018.10.01-15.52.49:377][592]CompilerResultsLog:   [1/3] TriggerComponent.cpp
[2018.10.01-15.52.49:377][592]CompilerResultsLog:   [2/3] UE4Editor-TinyShooter1-6509.lib
[2018.10.01-15.52.49:377][592]CompilerResultsLog:      Creating library A:\Projects\Unreal Engine Projects\TinyShooter\TinyShooter1\Intermediate\Build\Win64\UE4Editor\Development\TinyShooter1\UE4Editor-TinyShooter1-6509.lib and object A:\Projects\Unreal Engine Projects\TinyShooter\TinyShooter1\Intermediate\Build\Win64\UE4Editor\Development\TinyShooter1\UE4Editor-TinyShooter1-6509.exp
[2018.10.01-15.52.49:377][592]CompilerResultsLog:   [3/3] UE4Editor-TinyShooter1-6509.dll
[2018.10.01-15.52.49:377][592]CompilerResultsLog:      Creating library A:\Projects\Unreal Engine Projects\TinyShooter\TinyShooter1\Intermediate\Build\Win64\UE4Editor\Development\TinyShooter1\UE4Editor-TinyShooter1-6509.suppressed.lib and object A:\Projects\Unreal Engine Projects\TinyShooter\TinyShooter1\Intermediate\Build\Win64\UE4Editor\Development\TinyShooter1\UE4Editor-TinyShooter1-6509.suppressed.exp
[2018.10.01-15.52.49:377][592]CompilerResultsLog: Total build time: 3.02 seconds (Parallel executor: 1.69 seconds)
[2018.10.01-15.52.49:377][592]LogMainFrame: MainFrame: Module compiling took 3.265 seconds
[2018.10.01-15.52.49:465][592]LogContentBrowser: Native class hierarchy updated for 'TinyShooter1' in 0.0003 seconds. Added 5 classes and 2 folders.
[2018.10.01-15.52.49:469][592]Display: HotReload successful (1 functions remapped  0 scriptstructs remapped)
[2018.10.01-15.52.49:800][592]LogContentBrowser: Native class hierarchy populated in 0.0083 seconds. Added 2578 classes and 607 folders.
[2018.10.01-15.52.49:800][592]Display: HotReload took  3.7s.
[2018.10.01-15.58.15:459][ 13]Candidate modules for hot reload:
[2018.10.01-15.58.15:459][ 13]  TinyShooter1
[2018.10.01-15.58.15:459][ 13]Launching UnrealBuildTool... [C:/Program Files/Epic Games/UE_4.20/Engine/Binaries/DotNET/UnrealBuildTool.exe  -ModuleWithSuffix=TinyShooter1,6805 Win64 Development -TargetType=Editor -Project="A:/Projects/Unreal Engine Projects/TinyShooter/TinyShooter1/TinyShooter1.uproject" -canskiplink "A:/Projects/Unreal Engine Projects/TinyShooter/TinyShooter1/TinyShooter1.uproject" ]
[2018.10.01-15.58.15:465][ 13]Warning: Starting HotReload took  0.0s.
[2018.10.01-15.58.22:785][885]CompilerResultsLog: New page: Compilation - 1 Oct 2018 17:58:22
[2018.10.01-15.58.22:785][885]CompilerResultsLog: Using 'git status' to determine working set for adaptive non-unity build.
[2018.10.01-15.58.22:785][885]CompilerResultsLog: Compiling game modules for hot reload
[2018.10.01-15.58.22:785][885]CompilerResultsLog: Building 3 actions with 4 processes...
[2018.10.01-15.58.22:785][885]CompilerResultsLog:   [1/3] TriggerComponent.cpp
[2018.10.01-15.58.22:785][885]CompilerResultsLog:   [2/3] UE4Editor-TinyShooter1-6805.lib
[2018.10.01-15.58.22:785][885]CompilerResultsLog:      Creating library A:\Projects\Unreal Engine Projects\TinyShooter\TinyShooter1\Intermediate\Build\Win64\UE4Editor\Development\TinyShooter1\UE4Editor-TinyShooter1-6805.lib and object A:\Projects\Unreal Engine Projects\TinyShooter\TinyShooter1\Intermediate\Build\Win64\UE4Editor\Development\TinyShooter1\UE4Editor-TinyShooter1-6805.exp
[2018.10.01-15.58.22:785][885]CompilerResultsLog:   [3/3] UE4Editor-TinyShooter1-6805.dll
[2018.10.01-15.58.22:785][885]CompilerResultsLog:      Creating library A:\Projects\Unreal Engine Projects\TinyShooter\TinyShooter1\Intermediate\Build\Win64\UE4Editor\Development\TinyShooter1\UE4Editor-TinyShooter1-6805.suppressed.lib and object A:\Projects\Unreal Engine Projects\TinyShooter\TinyShooter1\Intermediate\Build\Win64\UE4Editor\Development\TinyShooter1\UE4Editor-TinyShooter1-6805.suppressed.exp
[2018.10.01-15.58.22:785][885]CompilerResultsLog: Total build time: 7.06 seconds (Parallel executor: 5.77 seconds)
[2018.10.01-15.58.22:785][885]LogMainFrame: MainFrame: Module compiling took 7.341 seconds
[2018.10.01-15.58.22:874][885]LogContentBrowser: Native class hierarchy updated for 'TinyShooter1' in 0.0003 seconds. Added 5 classes and 2 folders.
[2018.10.01-15.58.22:878][885]Display: HotReload successful (1 functions remapped  0 scriptstructs remapped)
[2018.10.01-15.58.23:201][885]LogContentBrowser: Native class hierarchy populated in 0.0083 seconds. Added 2578 classes and 607 folders.
[2018.10.01-15.58.23:201][885]Display: HotReload took  7.8s.
[2018.10.01-16.01.28:203][556]Candidate modules for hot reload:
[2018.10.01-16.01.28:203][556]  TinyShooter1
[2018.10.01-16.01.28:203][556]Launching UnrealBuildTool... [C:/Program Files/Epic Games/UE_4.20/Engine/Binaries/DotNET/UnrealBuildTool.exe  -ModuleWithSuffix=TinyShooter1,7909 Win64 Development -TargetType=Editor -Project="A:/Projects/Unreal Engine Projects/TinyShooter/TinyShooter1/TinyShooter1.uproject" -canskiplink "A:/Projects/Unreal Engine Projects/TinyShooter/TinyShooter1/TinyShooter1.uproject" ]
[2018.10.01-16.01.28:209][556]Warning: Starting HotReload took  0.0s.
[2018.10.01-16.01.31:432][942]CompilerResultsLog: New page: Compilation - 1 Oct 2018 18:01:31
[2018.10.01-16.01.31:432][942]CompilerResultsLog: Using 'git status' to determine working set for adaptive non-unity build.
[2018.10.01-16.01.31:432][942]CompilerResultsLog: Compiling game modules for hot reload
[2018.10.01-16.01.31:432][942]CompilerResultsLog: Building 3 actions with 4 processes...
[2018.10.01-16.01.31:432][942]CompilerResultsLog:   [1/3] TriggerComponent.cpp
[2018.10.01-16.01.31:432][942]CompilerResultsLog:   [2/3] UE4Editor-TinyShooter1-7909.lib
[2018.10.01-16.01.31:432][942]CompilerResultsLog:      Creating library A:\Projects\Unreal Engine Projects\TinyShooter\TinyShooter1\Intermediate\Build\Win64\UE4Editor\Development\TinyShooter1\UE4Editor-TinyShooter1-7909.lib and object A:\Projects\Unreal Engine Projects\TinyShooter\TinyShooter1\Intermediate\Build\Win64\UE4Editor\Development\TinyShooter1\UE4Editor-TinyShooter1-7909.exp
[2018.10.01-16.01.31:432][942]CompilerResultsLog:   [3/3] UE4Editor-TinyShooter1-7909.dll
[2018.10.01-16.01.31:432][942]CompilerResultsLog:      Creating library A:\Projects\Unreal Engine Projects\TinyShooter\TinyShooter1\Intermediate\Build\Win64\UE4Editor\Development\TinyShooter1\UE4Editor-TinyShooter1-7909.suppressed.lib and object A:\Projects\Unreal Engine Projects\TinyShooter\TinyShooter1\Intermediate\Build\Win64\UE4Editor\Development\TinyShooter1\UE4Editor-TinyShooter1-7909.suppressed.exp
[2018.10.01-16.01.31:432][942]CompilerResultsLog: Total build time: 2.97 seconds (Parallel executor: 1.68 seconds)
[2018.10.01-16.01.31:432][942]LogMainFrame: MainFrame: Module compiling took 3.243 seconds
[2018.10.01-16.01.31:519][942]LogContentBrowser: Native class hierarchy updated for 'TinyShooter1' in 0.0003 seconds. Added 5 classes and 2 folders.
[2018.10.01-16.01.31:523][942]Display: HotReload successful (1 functions remapped  0 scriptstructs remapped)
[2018.10.01-16.01.31:849][942]LogContentBrowser: Native class hierarchy populated in 0.0085 seconds. Added 2578 classes and 607 folders.
[2018.10.01-16.01.31:849][942]Display: HotReload took  3.7s.
[2018.10.01-16.01.50:030][122]LogContentBrowser: Verbose: The majority of assets in the view are of type: None
[2018.10.01-16.02.56:188][ 60]Running C:/Program Files/Epic Games/UE_4.20/Engine/Binaries/DotNET/UnrealBuildTool.exe Win64 Development -TargetType=Editor -Project="A:/Projects/Unreal Engine Projects/TinyShooter/TinyShooter1/TinyShooter1.uproject" -invalidatemakefilesonly
[2018.10.01-16.02.56:801][ 60]Invalidating makefiles only in this run.
[2018.10.01-16.02.56:924][ 60]Candidate modules for hot reload:
[2018.10.01-16.02.56:924][ 60]  TinyShooter1
[2018.10.01-16.02.56:924][ 60]Launching UnrealBuildTool... [C:/Program Files/Epic Games/UE_4.20/Engine/Binaries/DotNET/UnrealBuildTool.exe  -ModuleWithSuffix=TinyShooter1,4107 Win64 Development -TargetType=Editor -Project="A:/Projects/Unreal Engine Projects/TinyShooter/TinyShooter1/TinyShooter1.uproject" -canskiplink "A:/Projects/Unreal Engine Projects/TinyShooter/TinyShooter1/TinyShooter1.uproject" ]
[2018.10.01-16.03.11:902][ 60]CompilerResultsLog: New page: Compilation - 1 Oct 2018 18:03:11
[2018.10.01-16.03.11:902][ 60]CompilerResultsLog: Using 'git status' to determine working set for adaptive non-unity build.
[2018.10.01-16.03.11:902][ 60]CompilerResultsLog: Creating makefile for hot reloading TinyShooter1Editor (no existing makefile)
[2018.10.01-16.03.11:902][ 60]CompilerResultsLog: Compiling game modules for hot reload
[2018.10.01-16.03.11:902][ 60]CompilerResultsLog: Using Visual Studio 2017 14.15.26726 toolchain (C:\Program Files (x86)\Microsoft Visual Studio\2017\Community\VC\Tools\MSVC\14.15.26726) and Windows 10.0.17134.0 SDK (C:\Program Files (x86)\Windows Kits\10).
[2018.10.01-16.03.11:902][ 60]CompilerResultsLog: Parsing headers for TinyShooter1Editor
[2018.10.01-16.03.11:902][ 60]CompilerResultsLog:   Running UnrealHeaderTool "A:\Projects\Unreal Engine Projects\TinyShooter\TinyShooter1\TinyShooter1.uproject" "A:\Projects\Unreal Engine Projects\TinyShooter\TinyShooter1\Intermediate\Build\Win64\TinyShooter1Editor\Development\TinyShooter1Editor.uhtmanifest" -LogCmds="loginit warning, logexit warning, logdatabase error" -Unattended -WarningsAsErrors -installed
[2018.10.01-16.03.11:902][ 60]CompilerResultsLog: Reflection code generated for TinyShooter1Editor in 8.6928822 seconds
[2018.10.01-16.03.11:902][ 60]CompilerResultsLog: Building 5 actions with 4 processes...
[2018.10.01-16.03.11:902][ 60]CompilerResultsLog:   [1/5] TinyShooter1.init.gen.cpp
[2018.10.01-16.03.11:902][ 60]CompilerResultsLog:   [2/5] TriggerableWeaponComponent.cpp
[2018.10.01-16.03.11:902][ 60]CompilerResultsLog:   [3/5] TriggerableWeaponComponent.gen.cpp
[2018.10.01-16.03.11:902][ 60]CompilerResultsLog:   [4/5] UE4Editor-TinyShooter1-4107.lib
[2018.10.01-16.03.11:902][ 60]CompilerResultsLog:      Creating library A:\Projects\Unreal Engine Projects\TinyShooter\TinyShooter1\Intermediate\Build\Win64\UE4Editor\Development\TinyShooter1\UE4Editor-TinyShooter1-4107.lib and object A:\Projects\Unreal Engine Projects\TinyShooter\TinyShooter1\Intermediate\Build\Win64\UE4Editor\Development\TinyShooter1\UE4Editor-TinyShooter1-4107.exp
[2018.10.01-16.03.11:902][ 60]CompilerResultsLog:   [5/5] UE4Editor-TinyShooter1-4107.dll
[2018.10.01-16.03.11:902][ 60]CompilerResultsLog:      Creating library A:\Projects\Unreal Engine Projects\TinyShooter\TinyShooter1\Intermediate\Build\Win64\UE4Editor\Development\TinyShooter1\UE4Editor-TinyShooter1-4107.suppressed.lib and object A:\Projects\Unreal Engine Projects\TinyShooter\TinyShooter1\Intermediate\Build\Win64\UE4Editor\Development\TinyShooter1\UE4Editor-TinyShooter1-4107.suppressed.exp
[2018.10.01-16.03.11:902][ 60]CompilerResultsLog: Total build time: 14.76 seconds (Parallel executor: 1.99 seconds)
[2018.10.01-16.03.11:902][ 60]LogMainFrame: MainFrame: Module compiling took 14.991 seconds
[2018.10.01-16.03.11:981][ 60]LogClass: Could not find existing class TriggerableWeaponComponent in package /Script/TinyShooter1 for HotReload, assuming new class
[2018.10.01-16.03.11:987][ 60]LogContentBrowser: Native class hierarchy updated for 'TinyShooter1' in 0.0003 seconds. Added 6 classes and 2 folders.
[2018.10.01-16.03.11:991][ 60]Display: HotReload successful (1 functions remapped  0 scriptstructs remapped)
[2018.10.01-16.03.12:311][ 60]LogContentBrowser: Native class hierarchy populated in 0.0087 seconds. Added 2579 classes and 607 folders.
[2018.10.01-16.03.12:311][ 60]Display: HotReload took 15.4s.
[2018.10.01-16.03.12:312][ 60]Warning: HotReload operation took 15.4s.
[2018.10.01-16.03.12:620][ 60]LogSlate: Window 'Add C++ Class' being destroyed
[2018.10.01-16.03.12:627][ 60]LogHotReload: New module detected: UE4Editor-TinyShooter1-4107.dll
[2018.10.01-16.03.12:639][ 60]LogContentBrowser: Verbose: The majority of assets in the view are of type: Class
[2018.10.01-16.03.12:657][ 61]LogHotReload: Starting Hot-Reload from IDE
[2018.10.01-16.03.12:753][ 61]LogContentBrowser: Native class hierarchy updated for 'TinyShooter1' in 0.0003 seconds. Added 6 classes and 2 folders.
[2018.10.01-16.03.12:757][ 61]Display: HotReload successful (0 functions remapped  0 scriptstructs remapped)
[2018.10.01-16.03.13:030][ 61]LogContentBrowser: Native class hierarchy populated in 0.0090 seconds. Added 2579 classes and 607 folders.
[2018.10.01-16.03.13:043][ 61]Display: HotReload took  0.4s.
[2018.10.01-16.10.02:770][926]Candidate modules for hot reload:
[2018.10.01-16.10.02:770][926]  TinyShooter1
[2018.10.01-16.10.02:770][926]Launching UnrealBuildTool... [C:/Program Files/Epic Games/UE_4.20/Engine/Binaries/DotNET/UnrealBuildTool.exe  -ModuleWithSuffix=TinyShooter1,1989 Win64 Development -TargetType=Editor -Project="A:/Projects/Unreal Engine Projects/TinyShooter/TinyShooter1/TinyShooter1.uproject" -canskiplink "A:/Projects/Unreal Engine Projects/TinyShooter/TinyShooter1/TinyShooter1.uproject" ]
[2018.10.01-16.10.02:777][926]Warning: Starting HotReload took  0.0s.
[2018.10.01-16.10.23:975][465]CompilerResultsLog: New page: Compilation - 1 Oct 2018 18:10:23
[2018.10.01-16.10.23:975][465]CompilerResultsLog: Using 'git status' to determine working set for adaptive non-unity build.
[2018.10.01-16.10.23:975][465]CompilerResultsLog: Compiling game modules for hot reload
[2018.10.01-16.10.23:975][465]CompilerResultsLog: Parsing headers for TinyShooter1Editor
[2018.10.01-16.10.23:975][465]CompilerResultsLog:   Running UnrealHeaderTool "A:\Projects\Unreal Engine Projects\TinyShooter\TinyShooter1\TinyShooter1.uproject" "A:\Projects\Unreal Engine Projects\TinyShooter\TinyShooter1\Intermediate\Build\Win64\TinyShooter1Editor\Development\TinyShooter1Editor.uhtmanifest" -LogCmds="loginit warning, logexit warning, logdatabase error" -Unattended -WarningsAsErrors -installed
[2018.10.01-16.10.23:975][465]CompilerResultsLog: Reflection code generated for TinyShooter1Editor in 9.4117166 seconds
[2018.10.01-16.10.23:975][465]CompilerResultsLog: Building 5 actions with 4 processes...
[2018.10.01-16.10.23:975][465]CompilerResultsLog:   [1/5] TinyShooter1.init.gen.cpp
[2018.10.01-16.10.23:975][465]CompilerResultsLog:   [2/5] TriggerableWeaponComponent.gen.cpp
[2018.10.01-16.10.23:975][465]CompilerResultsLog:   [3/5] TriggerableWeaponComponent.cpp
[2018.10.01-16.10.23:975][465]CompilerResultsLog:   [4/5] UE4Editor-TinyShooter1-1989.lib
[2018.10.01-16.10.23:975][465]CompilerResultsLog:      Creating library A:\Projects\Unreal Engine Projects\TinyShooter\TinyShooter1\Intermediate\Build\Win64\UE4Editor\Development\TinyShooter1\UE4Editor-TinyShooter1-1989.lib and object A:\Projects\Unreal Engine Projects\TinyShooter\TinyShooter1\Intermediate\Build\Win64\UE4Editor\Development\TinyShooter1\UE4Editor-TinyShooter1-1989.exp
[2018.10.01-16.10.23:975][465]CompilerResultsLog:   [5/5] UE4Editor-TinyShooter1-1989.dll
[2018.10.01-16.10.23:975][465]CompilerResultsLog:      Creating library A:\Projects\Unreal Engine Projects\TinyShooter\TinyShooter1\Intermediate\Build\Win64\UE4Editor\Development\TinyShooter1\UE4Editor-TinyShooter1-1989.suppressed.lib and object A:\Projects\Unreal Engine Projects\TinyShooter\TinyShooter1\Intermediate\Build\Win64\UE4Editor\Development\TinyShooter1\UE4Editor-TinyShooter1-1989.suppressed.exp
[2018.10.01-16.10.23:975][465]CompilerResultsLog: Error:   TriggerableWeaponComponent.cpp.obj : error LNK2019: unresolved external symbol "public: void __cdecl UTriggerableWeaponComponent::Triggered(struct FVector)" (?Triggered@UTriggerableWeaponComponent@@QEAAXUFVector@@@Z) referenced in function "public: static void __cdecl UTriggerableWeaponComponent::execTriggered(class UObject *,struct FFrame &,void * const)" (?execTriggered@UTriggerableWeaponComponent@@SAXPEAVUObject@@AEAUFFrame@@QEAX@Z)
[2018.10.01-16.10.23:975][465]CompilerResultsLog: Error:   TriggerableWeaponComponent.gen.cpp.obj : error LNK2001: unresolved external symbol "public: void __cdecl UTriggerableWeaponComponent::Triggered(struct FVector)" (?Triggered@UTriggerableWeaponComponent@@QEAAXUFVector@@@Z)
[2018.10.01-16.10.23:975][465]CompilerResultsLog: Error:   A:\Projects\Unreal Engine Projects\TinyShooter\TinyShooter1\Binaries\Win64\UE4Editor-TinyShooter1-1989.dll : fatal error LNK1120: 1 unresolved externals
[2018.10.01-16.10.23:975][465]CompilerResultsLog: ERROR: UBT ERROR: Failed to produce item: A:\Projects\Unreal Engine Projects\TinyShooter\TinyShooter1\Binaries\Win64\UE4Editor-TinyShooter1-1989.dll
[2018.10.01-16.10.23:975][465]CompilerResultsLog:        (see ../Programs/UnrealBuildTool/Log.txt for full exception trace)
[2018.10.01-16.10.23:975][465]CompilerResultsLog: Total build time: 20.95 seconds (Parallel executor: 0.00 seconds)
[2018.10.01-16.10.23:975][465]LogMainFrame: MainFrame: Module compiling took 21.219 seconds
[2018.10.01-16.10.23:975][465]Warning: HotReload failed, recompile failed
[2018.10.01-16.10.49:268][619]Candidate modules for hot reload:
[2018.10.01-16.10.49:268][619]  TinyShooter1
[2018.10.01-16.10.49:268][619]Launching UnrealBuildTool... [C:/Program Files/Epic Games/UE_4.20/Engine/Binaries/DotNET/UnrealBuildTool.exe  -ModuleWithSuffix=TinyShooter1,8579 Win64 Development -TargetType=Editor -Project="A:/Projects/Unreal Engine Projects/TinyShooter/TinyShooter1/TinyShooter1.uproject" -canskiplink "A:/Projects/Unreal Engine Projects/TinyShooter/TinyShooter1/TinyShooter1.uproject" ]
[2018.10.01-16.10.49:274][619]Warning: Starting HotReload took  0.0s.
[2018.10.01-16.10.52:797][ 42]CompilerResultsLog: New page: Compilation - 1 Oct 2018 18:10:52
[2018.10.01-16.10.52:797][ 42]CompilerResultsLog: Using 'git status' to determine working set for adaptive non-unity build.
[2018.10.01-16.10.52:797][ 42]CompilerResultsLog: Compiling game modules for hot reload
[2018.10.01-16.10.52:797][ 42]CompilerResultsLog: Building 3 actions with 4 processes...
[2018.10.01-16.10.52:797][ 42]CompilerResultsLog:   [1/3] TriggerableWeaponComponent.cpp
[2018.10.01-16.10.52:797][ 42]CompilerResultsLog:   [2/3] UE4Editor-TinyShooter1-8579.lib
[2018.10.01-16.10.52:797][ 42]CompilerResultsLog:      Creating library A:\Projects\Unreal Engine Projects\TinyShooter\TinyShooter1\Intermediate\Build\Win64\UE4Editor\Development\TinyShooter1\UE4Editor-TinyShooter1-8579.lib and object A:\Projects\Unreal Engine Projects\TinyShooter\TinyShooter1\Intermediate\Build\Win64\UE4Editor\Development\TinyShooter1\UE4Editor-TinyShooter1-8579.exp
[2018.10.01-16.10.52:797][ 42]CompilerResultsLog:   [3/3] UE4Editor-TinyShooter1-8579.dll
[2018.10.01-16.10.52:797][ 42]CompilerResultsLog:      Creating library A:\Projects\Unreal Engine Projects\TinyShooter\TinyShooter1\Intermediate\Build\Win64\UE4Editor\Development\TinyShooter1\UE4Editor-TinyShooter1-8579.suppressed.lib and object A:\Projects\Unreal Engine Projects\TinyShooter\TinyShooter1\Intermediate\Build\Win64\UE4Editor\Development\TinyShooter1\UE4Editor-TinyShooter1-8579.suppressed.exp
[2018.10.01-16.10.52:797][ 42]CompilerResultsLog: Total build time: 3.28 seconds (Parallel executor: 1.98 seconds)
[2018.10.01-16.10.52:797][ 42]LogMainFrame: MainFrame: Module compiling took 3.546 seconds
[2018.10.01-16.10.52:878][ 42]LogClass: Could not find existing class TriggerableWeaponComponent in package /Script/TinyShooter1 for HotReload, assuming new class
[2018.10.01-16.10.52:878][ 42]LogClass: Function Triggered is new.
[2018.10.01-16.10.52:889][ 42]LogHotReload: Re-instancing TriggerableWeaponComponent after hot-reload.
[2018.10.01-16.10.53:004][ 42]LogContentBrowser: Native class hierarchy updated for 'TinyShooter1' in 0.0004 seconds. Added 6 classes and 2 folders.
[2018.10.01-16.10.53:008][ 42]Display: HotReload successful (1 functions remapped  0 scriptstructs remapped)
[2018.10.01-16.10.53:320][ 42]LogContentBrowser: Native class hierarchy populated in 0.0096 seconds. Added 2579 classes and 607 folders.
[2018.10.01-16.10.53:320][ 42]Display: HotReload took  4.1s.
